<?xml version="1.0" encoding="UTF-8"?>
<!-- Generated by org.testng.reporters.JUnitReportReporter -->
<testsuite skipped="0" hostname="HYDLT135" name="com.qaupgrade.pomhfw.testcases.LoginPageTest" tests="3" failures="0" timestamp="12 Apr 2020 20:06:00 GMT" time="38.411" errors="0">
  <testcase name="loginPageTitleTest" time="11.718" classname="com.qaupgrade.pomhfw.testcases.LoginPageTest"/>
  <testcase name="mercLogoImageTest" time="12.134" classname="com.qaupgrade.pomhfw.testcases.LoginPageTest"/>
  <testcase name="loginTest" time="14.559" classname="com.qaupgrade.pomhfw.testcases.LoginPageTest"/>
</testsuite> <!-- com.qaupgrade.pomhfw.testcases.LoginPageTest -->
